<?xml version="1.0" encoding="UTF-8"?>
<!-- Generated by org.testng.reporters.JUnitReportReporter -->
<testsuite skipped="0" hostname="Abhinav-PC" name="TestCases.ExmapleTest2" tests="2" failures="0" timestamp="2020-04-19T19:56:07 IST" time="0.044" errors="0">
  <testcase name="testexample2" time="0.020" classname="TestCases.ExmapleTest2"/>
  <system-out/>
  <testcase name="testexample1" time="0.024" classname="TestCases.ExmapleTest2"/>
  <system-out/>
</testsuite> <!-- TestCases.ExmapleTest2 -->
