<?xml version="1.0" encoding="UTF-8"?>
<!-- Generated by org.testng.reporters.JUnitReportReporter -->
<testsuite skipped="0" hostname="Abhinav-PC" name="TestCases.loginTest" tests="1" failures="0" timestamp="2020-03-26T00:27:11 IST" time="7.570" errors="0">
  <testcase name="verifyTheLoginWithValidCredentials" time="7.570" classname="TestCases.loginTest"/>
  <system-out/>
</testsuite> <!-- TestCases.loginTest -->
