<?xml version="1.0" encoding="UTF-8"?>
<!-- Generated by org.testng.reporters.JUnitReportReporter -->
<testsuite skipped="0" hostname="Abhinav-PC" name="TestCases.ExampleTest" tests="2" failures="0" timestamp="2020-04-19T19:56:07 IST" time="0.003" errors="0">
  <testcase name="testexample2" time="0.002" classname="TestCases.ExampleTest"/>
  <system-out/>
  <testcase name="testexample1" time="0.001" classname="TestCases.ExampleTest"/>
  <system-out/>
</testsuite> <!-- TestCases.ExampleTest -->
