<?xml version="1.0" encoding="UTF-8"?>
<!-- Generated by org.testng.reporters.JUnitReportReporter -->
<testsuite hostname="Abhinav-PC" failures="0" tests="4" name="TestCases.ParameterTest" time="0.031" errors="0" timestamp="2022-02-02T16:05:31 IST" skipped="0">
  <testcase classname="TestCases.ParameterTest" name="search_TestCase3" time="0.006"/>
  <system-out/>
  <testcase classname="TestCases.ParameterTest" name="login_TestCase" time="0.011"/>
  <system-out/>
  <testcase classname="TestCases.ParameterTest" name="login_TestCase" time="0.004"/>
  <system-out/>
  <testcase classname="TestCases.ParameterTest" name="search_TestCase3" time="0.010"/>
  <system-out/>
</testsuite> <!-- TestCases.ParameterTest -->
