<?xml version="1.0" encoding="UTF-8"?>
<!-- Generated by org.testng.reporters.JUnitReportReporter -->
<testsuite skipped="0" hostname="Abhinav-PC" name="TestCases.ExampleTest" tests="6" failures="0" timestamp="2020-04-19T17:17:52 IST" time="0.029" errors="0">
  <testcase name="testexample2" time="0.004" classname="TestCases.ExampleTest"/>
  <system-out/>
  <testcase name="testexample4" time="0.003" classname="TestCases.ExampleTest"/>
  <system-out/>
  <testcase name="testexample5" time="0.003" classname="TestCases.ExampleTest"/>
  <system-out/>
  <testcase name="testexample3" time="0.005" classname="TestCases.ExampleTest"/>
  <system-out/>
  <testcase name="testexample6" time="0.007" classname="TestCases.ExampleTest"/>
  <system-out/>
  <testcase name="testexample1" time="0.007" classname="TestCases.ExampleTest"/>
  <system-out/>
</testsuite> <!-- TestCases.ExampleTest -->
